**********************
Windows PowerShell transcript start
Start time: 20250523112412
Username: KVSHVL\Kushal
RunAs User: KVSHVL\Kushal
Configuration Name: 
Machine: KVSHVL (Microsoft Windows NT 10.0.26100.0)
Host Application: C:\WINDOWS\System32\WindowsPowerShell\v1.0\powershell.exe -noexit -command try { . "c:\Program Files\Microsoft VS Code\resources\app\out\vs\workbench\contrib\terminal\common\scripts\shellIntegration.ps1" } catch {}
Process ID: 16700
PSVersion: 5.1.26100.4061
PSEdition: Desktop
PSCompatibleVersions: 1.0, 2.0, 3.0, 4.0, 5.0, 5.1.26100.4061
BuildVersion: 10.0.26100.4061
CLRVersion: 4.0.30319.42000
WSManStackVersion: 3.0
PSRemotingProtocolVersion: 2.3
SerializationVersion: 1.1.0.1
**********************
Transcript started, output file is C:\Users\Kushal\Documents\GitHub\WakeUpCall\build.log
Preparing project directory: C:\Users\Kushal\Documents\GitHub\WakeUpCall
Removing existing project directory: C:\Users\Kushal\Documents\GitHub\WakeUpCall
Checking for Android Studio...
Attempting to install Android Studio via winget...

Android Studio installed successfully via winget.
Checking for JDK 17...
Attempting to install JDK 17 via winget...

JDK 17 installed successfully via winget.
Checking for Git...
Git found.
Setting JAVA_HOME to C:\Program Files\Eclipse Adoptium\jdk-17.0.15.6-hotspot
JAVA_HOME set. Please restart PowerShell if you encounter issues in a new session.
JAVA_HOME is currently: C:\Program Files\Eclipse Adoptium\jdk-17.0.15.6-hotspot
Creating Android project structure...
Creating AndroidManifest.xml...
Creating Kotlin source files...
Creating layout XML files...
Creating resource files (strings, colors, themes)...
Creating dummy launcher icons...
Creating Gradle files...
Creating Gradle wrapper...
WARNING: 'gradle' command not found. Cannot create Gradle wrapper automatically. Build might fail if gradlew is missing.
You might need to open the project in Android Studio once to generate the wrapper, or copy gradlew files from another project.
WARNING: gradlew.bat not found. Please ensure it's created (e.g., by opening project in Android Studio once or copying from another project).
Building the APK using Gradle...
C:\Users\Kushal\Documents\GitHub\wakeupcall\build-wakeup-call.ps1 : gradlew.bat not found. Cannot build APK.
At line:2 char:1
+ .\build-wakeup-call.ps1
+ ~~~~~~~~~~~~~~~~~~~~~~~
    + CategoryInfo          : NotSpecified: (:) [Write-Error], WriteErrorException
    + FullyQualifiedErrorId : Microsoft.PowerShell.Commands.WriteErrorException,build-wakeup-call.ps1
C:\Users\Kushal\Documents\GitHub\wakeupcall\build-wakeup-call
.ps1 : gradlew.bat not found. Cannot build APK.
At line:2 char:1
+ .\build-wakeup-call.ps1
+ ~~~~~~~~~~~~~~~~~~~~~~~
    + CategoryInfo          : NotSpecified: (:) [Write-Error
   ], WriteErrorException
    + FullyQualifiedErrorId : Microsoft.PowerShell.Commands.
   WriteErrorException,build-wakeup-call.ps1

**********************
Windows PowerShell transcript end
End time: 20250523112455
**********************
**********************
Windows PowerShell transcript start
Start time: 20250523123552
Username: KVSHVL\Kushal
RunAs User: KVSHVL\Kushal
Configuration Name: 
Machine: KVSHVL (Microsoft Windows NT 10.0.26100.0)
Host Application: C:\WINDOWS\System32\WindowsPowerShell\v1.0\powershell.exe -noexit -command try { . "c:\Program Files\Microsoft VS Code\resources\app\out\vs\workbench\contrib\terminal\common\scripts\shellIntegration.ps1" } catch {}
Process ID: 16700
PSVersion: 5.1.26100.4061
PSEdition: Desktop
PSCompatibleVersions: 1.0, 2.0, 3.0, 4.0, 5.0, 5.1.26100.4061
BuildVersion: 10.0.26100.4061
CLRVersion: 4.0.30319.42000
WSManStackVersion: 3.0
PSRemotingProtocolVersion: 2.3
SerializationVersion: 1.1.0.1
**********************
Transcript started, output file is C:\Users\Kushal\Documents\GitHub\WakeUpCall\build.log
Preparing project directory: C:\Users\Kushal\Documents\GitHub\WakeUpCall
Removing existing project directory: C:\Users\Kushal\Documents\GitHub\WakeUpCall
Checking for Android Studio...
Attempting to install Android Studio via winget...
